\BOOKMARK [0][-]{chapter.1}{\376\377\0001\000\040\000N\000a\000m\000e\000s\000p\000a\000c\000e\000\040\000I\000n\000d\000e\000x}{}% 1
\BOOKMARK [1][-]{section.1.1}{\376\377\0001\000.\0001\000\040\000P\000a\000c\000k\000a\000g\000e\000s}{chapter.1}% 2
\BOOKMARK [0][-]{chapter.2}{\376\377\0002\000\040\000C\000l\000a\000s\000s\000\040\000I\000n\000d\000e\000x}{}% 3
\BOOKMARK [1][-]{section.2.1}{\376\377\0002\000.\0001\000\040\000C\000l\000a\000s\000s\000\040\000L\000i\000s\000t}{chapter.2}% 4
\BOOKMARK [0][-]{chapter.3}{\376\377\0003\000\040\000F\000i\000l\000e\000\040\000I\000n\000d\000e\000x}{}% 5
\BOOKMARK [1][-]{section.3.1}{\376\377\0003\000.\0001\000\040\000F\000i\000l\000e\000\040\000L\000i\000s\000t}{chapter.3}% 6
\BOOKMARK [0][-]{chapter.4}{\376\377\0004\000\040\000N\000a\000m\000e\000s\000p\000a\000c\000e\000\040\000D\000o\000c\000u\000m\000e\000n\000t\000a\000t\000i\000o\000n}{}% 7
\BOOKMARK [1][-]{section.4.1}{\376\377\0004\000.\0001\000\040\000S\000o\000l\000a\000r\000L\000i\000n\000e\000r\000\040\000N\000a\000m\000e\000s\000p\000a\000c\000e\000\040\000R\000e\000f\000e\000r\000e\000n\000c\000e}{chapter.4}% 8
\BOOKMARK [1][-]{section.4.2}{\376\377\0004\000.\0002\000\040\000S\000o\000l\000a\000r\000L\000i\000n\000e\000r\000.\000C\000o\000m\000p\000l\000e\000x\000N\000u\000m\000b\000e\000r\000\040\000N\000a\000m\000e\000s\000p\000a\000c\000e\000\040\000R\000e\000f\000e\000r\000e\000n\000c\000e}{chapter.4}% 9
\BOOKMARK [0][-]{chapter.5}{\376\377\0005\000\040\000C\000l\000a\000s\000s\000\040\000D\000o\000c\000u\000m\000e\000n\000t\000a\000t\000i\000o\000n}{}% 10
\BOOKMARK [1][-]{section.5.1}{\376\377\0005\000.\0001\000\040\000S\000o\000l\000a\000r\000L\000i\000n\000e\000r\000.\000C\000o\000m\000p\000l\000e\000x\000N\000u\000m\000b\000e\000r\000.\000C\000o\000m\000p\000l\000e\000x\000\040\000S\000t\000r\000u\000c\000t\000\040\000R\000e\000f\000e\000r\000e\000n\000c\000e}{chapter.5}% 11
\BOOKMARK [2][-]{subsection.5.1.1}{\376\377\0005\000.\0001\000.\0001\000\040\000D\000e\000t\000a\000i\000l\000e\000d\000\040\000D\000e\000s\000c\000r\000i\000p\000t\000i\000o\000n}{section.5.1}% 12
\BOOKMARK [2][-]{subsection.5.1.2}{\376\377\0005\000.\0001\000.\0002\000\040\000M\000e\000m\000b\000e\000r\000\040\000E\000n\000u\000m\000e\000r\000a\000t\000i\000o\000n\000\040\000D\000o\000c\000u\000m\000e\000n\000t\000a\000t\000i\000o\000n}{section.5.1}% 13
\BOOKMARK [3][-]{subsubsection.5.1.2.1}{\376\377\0005\000.\0001\000.\0002\000.\0001\000\040\000C\000o\000m\000p\000l\000e\000x\000S\000t\000y\000l\000e}{subsection.5.1.2}% 14
\BOOKMARK [2][-]{subsection.5.1.3}{\376\377\0005\000.\0001\000.\0003\000\040\000C\000o\000n\000s\000t\000r\000u\000c\000t\000o\000r\000\040\000\046\000\040\000D\000e\000s\000t\000r\000u\000c\000t\000o\000r\000\040\000D\000o\000c\000u\000m\000e\000n\000t\000a\000t\000i\000o\000n}{section.5.1}% 15
\BOOKMARK [3][-]{subsubsection.5.1.3.1}{\376\377\0005\000.\0001\000.\0003\000.\0001\000\040\000C\000o\000m\000p\000l\000e\000x\000\050\000d\000o\000u\000b\000l\000e\000\040\000a\000,\000\040\000d\000o\000u\000b\000l\000e\000\040\000b\000,\000\040\000b\000o\000o\000l\000\040\000i\000s\000T\000r\000i\000g\000o\000n\000o\000m\000e\000t\000r\000i\000c\000=\000f\000a\000l\000s\000e\000\051}{subsection.5.1.3}% 16
\BOOKMARK [3][-]{subsubsection.5.1.3.2}{\376\377\0005\000.\0001\000.\0003\000.\0002\000\040\000C\000o\000m\000p\000l\000e\000x\000\050\000d\000o\000u\000b\000l\000e\000\040\000t\000h\000e\000t\000a\000\051}{subsection.5.1.3}% 17
\BOOKMARK [3][-]{subsubsection.5.1.3.3}{\376\377\0005\000.\0001\000.\0003\000.\0003\000\040\000C\000o\000m\000p\000l\000e\000x\000\050\000P\000o\000i\000n\000t\000F\000\040\000p\000o\000i\000n\000t\000\051}{subsection.5.1.3}% 18
\BOOKMARK [2][-]{subsection.5.1.4}{\376\377\0005\000.\0001\000.\0004\000\040\000M\000e\000m\000b\000e\000r\000\040\000F\000u\000n\000c\000t\000i\000o\000n\000\040\000D\000o\000c\000u\000m\000e\000n\000t\000a\000t\000i\000o\000n}{section.5.1}% 19
\BOOKMARK [3][-]{subsubsection.5.1.4.1}{\376\377\0005\000.\0001\000.\0004\000.\0001\000\040\000E\000q\000u\000a\000l\000s\000\050\000o\000b\000j\000e\000c\000t\000\040\000o\000b\000j\000\051}{subsection.5.1.4}% 20
\BOOKMARK [3][-]{subsubsection.5.1.4.2}{\376\377\0005\000.\0001\000.\0004\000.\0002\000\040\000G\000e\000t\000H\000a\000s\000h\000C\000o\000d\000e\000\050\000\051}{subsection.5.1.4}% 21
\BOOKMARK [3][-]{subsubsection.5.1.4.3}{\376\377\0005\000.\0001\000.\0004\000.\0003\000\040\000o\000p\000e\000r\000a\000t\000o\000r\000\040\000C\000o\000m\000p\000l\000e\000x\000\050\000d\000o\000u\000b\000l\000e\000\040\000v\000a\000l\000u\000e\000\051}{subsection.5.1.4}% 22
\BOOKMARK [3][-]{subsubsection.5.1.4.4}{\376\377\0005\000.\0001\000.\0004\000.\0004\000\040\000o\000p\000e\000r\000a\000t\000o\000r\000\040\000d\000o\000u\000b\000l\000e\000\050\000C\000o\000m\000p\000l\000e\000x\000\040\000v\000a\000l\000\051}{subsection.5.1.4}% 23
\BOOKMARK [3][-]{subsubsection.5.1.4.5}{\376\377\0005\000.\0001\000.\0004\000.\0005\000\040\000o\000p\000e\000r\000a\000t\000o\000r\000\040\000i\000n\000t\000\050\000C\000o\000m\000p\000l\000e\000x\000\040\000v\000a\000l\000\051}{subsection.5.1.4}% 24
\BOOKMARK [3][-]{subsubsection.5.1.4.6}{\376\377\0005\000.\0001\000.\0004\000.\0006\000\040\000o\000p\000e\000r\000a\000t\000o\000r\000!\000=\000\050\000C\000o\000m\000p\000l\000e\000x\000\040\000a\000,\000\040\000C\000o\000m\000p\000l\000e\000x\000\040\000b\000\051}{subsection.5.1.4}% 25
\BOOKMARK [3][-]{subsubsection.5.1.4.7}{\376\377\0005\000.\0001\000.\0004\000.\0007\000\040\000o\000p\000e\000r\000a\000t\000o\000r\000!\000=\000\050\000C\000o\000m\000p\000l\000e\000x\000\040\000a\000,\000\040\000o\000b\000j\000e\000c\000t\000\040\000b\000\051}{subsection.5.1.4}% 26
\BOOKMARK [3][-]{subsubsection.5.1.4.8}{\376\377\0005\000.\0001\000.\0004\000.\0008\000\040\000o\000p\000e\000r\000a\000t\000o\000r\000!\000=\000\050\000o\000b\000j\000e\000c\000t\000\040\000a\000,\000\040\000C\000o\000m\000p\000l\000e\000x\000\040\000b\000\051}{subsection.5.1.4}% 27
\BOOKMARK [3][-]{subsubsection.5.1.4.9}{\376\377\0005\000.\0001\000.\0004\000.\0009\000\040\000o\000p\000e\000r\000a\000t\000o\000r\000*\000\050\000C\000o\000m\000p\000l\000e\000x\000\040\000a\000,\000\040\000d\000o\000u\000b\000l\000e\000\040\000b\000\051}{subsection.5.1.4}% 28
\BOOKMARK [3][-]{subsubsection.5.1.4.10}{\376\377\0005\000.\0001\000.\0004\000.\0001\0000\000\040\000o\000p\000e\000r\000a\000t\000o\000r\000*\000\050\000d\000o\000u\000b\000l\000e\000\040\000a\000,\000\040\000C\000o\000m\000p\000l\000e\000x\000\040\000b\000\051}{subsection.5.1.4}% 29
\BOOKMARK [3][-]{subsubsection.5.1.4.11}{\376\377\0005\000.\0001\000.\0004\000.\0001\0001\000\040\000o\000p\000e\000r\000a\000t\000o\000r\000*\000\050\000C\000o\000m\000p\000l\000e\000x\000\040\000a\000,\000\040\000C\000o\000m\000p\000l\000e\000x\000\040\000b\000\051}{subsection.5.1.4}% 30
\BOOKMARK [3][-]{subsubsection.5.1.4.12}{\376\377\0005\000.\0001\000.\0004\000.\0001\0002\000\040\000o\000p\000e\000r\000a\000t\000o\000r\000+\000\050\000C\000o\000m\000p\000l\000e\000x\000\040\000a\000,\000\040\000C\000o\000m\000p\000l\000e\000x\000\040\000b\000\051}{subsection.5.1.4}% 31
\BOOKMARK [3][-]{subsubsection.5.1.4.13}{\376\377\0005\000.\0001\000.\0004\000.\0001\0003\000\040\000o\000p\000e\000r\000a\000t\000o\000r\000+\000\050\000C\000o\000m\000p\000l\000e\000x\000\040\000a\000,\000\040\000d\000o\000u\000b\000l\000e\000\040\000b\000\051}{subsection.5.1.4}% 32
\BOOKMARK [3][-]{subsubsection.5.1.4.14}{\376\377\0005\000.\0001\000.\0004\000.\0001\0004\000\040\000o\000p\000e\000r\000a\000t\000o\000r\000-\000\050\000C\000o\000m\000p\000l\000e\000x\000\040\000a\000\051}{subsection.5.1.4}% 33
\BOOKMARK [3][-]{subsubsection.5.1.4.15}{\376\377\0005\000.\0001\000.\0004\000.\0001\0005\000\040\000o\000p\000e\000r\000a\000t\000o\000r\000-\000\050\000C\000o\000m\000p\000l\000e\000x\000\040\000a\000,\000\040\000d\000o\000u\000b\000l\000e\000\040\000b\000\051}{subsection.5.1.4}% 34
\BOOKMARK [3][-]{subsubsection.5.1.4.16}{\376\377\0005\000.\0001\000.\0004\000.\0001\0006\000\040\000o\000p\000e\000r\000a\000t\000o\000r\000-\000\050\000C\000o\000m\000p\000l\000e\000x\000\040\000a\000,\000\040\000C\000o\000m\000p\000l\000e\000x\000\040\000b\000\051}{subsection.5.1.4}% 35
\BOOKMARK [3][-]{subsubsection.5.1.4.17}{\376\377\0005\000.\0001\000.\0004\000.\0001\0007\000\040\000o\000p\000e\000r\000a\000t\000o\000r\000/\000\050\000C\000o\000m\000p\000l\000e\000x\000\040\000a\000,\000\040\000C\000o\000m\000p\000l\000e\000x\000\040\000b\000\051}{subsection.5.1.4}% 36
\BOOKMARK [3][-]{subsubsection.5.1.4.18}{\376\377\0005\000.\0001\000.\0004\000.\0001\0008\000\040\000o\000p\000e\000r\000a\000t\000o\000r\000/\000\050\000C\000o\000m\000p\000l\000e\000x\000\040\000a\000,\000\040\000d\000o\000u\000b\000l\000e\000\040\000b\000\051}{subsection.5.1.4}% 37
\BOOKMARK [3][-]{subsubsection.5.1.4.19}{\376\377\0005\000.\0001\000.\0004\000.\0001\0009\000\040\000o\000p\000e\000r\000a\000t\000o\000r\000/\000\050\000d\000o\000u\000b\000l\000e\000\040\000a\000,\000\040\000C\000o\000m\000p\000l\000e\000x\000\040\000b\000\051}{subsection.5.1.4}% 38
\BOOKMARK [3][-]{subsubsection.5.1.4.20}{\376\377\0005\000.\0001\000.\0004\000.\0002\0000\000\040\000o\000p\000e\000r\000a\000t\000o\000r\000=\000=\000\050\000C\000o\000m\000p\000l\000e\000x\000\040\000a\000,\000\040\000C\000o\000m\000p\000l\000e\000x\000\040\000b\000\051}{subsection.5.1.4}% 39
\BOOKMARK [3][-]{subsubsection.5.1.4.21}{\376\377\0005\000.\0001\000.\0004\000.\0002\0001\000\040\000o\000p\000e\000r\000a\000t\000o\000r\000=\000=\000\050\000C\000o\000m\000p\000l\000e\000x\000\040\000a\000,\000\040\000o\000b\000j\000e\000c\000t\000\040\000b\000\051}{subsection.5.1.4}% 40
\BOOKMARK [3][-]{subsubsection.5.1.4.22}{\376\377\0005\000.\0001\000.\0004\000.\0002\0002\000\040\000o\000p\000e\000r\000a\000t\000o\000r\000=\000=\000\050\000o\000b\000j\000e\000c\000t\000\040\000a\000,\000\040\000C\000o\000m\000p\000l\000e\000x\000\040\000b\000\051}{subsection.5.1.4}% 41
\BOOKMARK [3][-]{subsubsection.5.1.4.23}{\376\377\0005\000.\0001\000.\0004\000.\0002\0003\000\040\000S\000e\000t\000R\000T\000h\000e\000t\000a\000\050\000d\000o\000u\000b\000l\000e\000\040\000r\000,\000\040\000d\000o\000u\000b\000l\000e\000\040\000t\000h\000e\000t\000a\000\051}{subsection.5.1.4}% 42
\BOOKMARK [3][-]{subsubsection.5.1.4.24}{\376\377\0005\000.\0001\000.\0004\000.\0002\0004\000\040\000T\000o\000P\000o\000i\000n\000t\000\050\000\051}{subsection.5.1.4}% 43
\BOOKMARK [3][-]{subsubsection.5.1.4.25}{\376\377\0005\000.\0001\000.\0004\000.\0002\0005\000\040\000T\000o\000S\000t\000r\000i\000n\000g\000\050\000\051}{subsection.5.1.4}% 44
\BOOKMARK [3][-]{subsubsection.5.1.4.26}{\376\377\0005\000.\0001\000.\0004\000.\0002\0006\000\040\000T\000o\000S\000t\000r\000i\000n\000g\000\050\000C\000o\000m\000p\000l\000e\000x\000S\000t\000y\000l\000e\000\040\000S\000t\000y\000l\000e\000\051}{subsection.5.1.4}% 45
\BOOKMARK [2][-]{subsection.5.1.5}{\376\377\0005\000.\0001\000.\0005\000\040\000M\000e\000m\000b\000e\000r\000\040\000D\000a\000t\000a\000\040\000D\000o\000c\000u\000m\000e\000n\000t\000a\000t\000i\000o\000n}{section.5.1}% 46
\BOOKMARK [3][-]{subsubsection.5.1.5.1}{\376\377\0005\000.\0001\000.\0005\000.\0001\000\040\000E\000p\000s\000i\000l\000o\000n}{subsection.5.1.5}% 47
\BOOKMARK [3][-]{subsubsection.5.1.5.2}{\376\377\0005\000.\0001\000.\0005\000.\0002\000\040\000I}{subsection.5.1.5}% 48
\BOOKMARK [2][-]{subsection.5.1.6}{\376\377\0005\000.\0001\000.\0006\000\040\000P\000r\000o\000p\000e\000r\000t\000y\000\040\000D\000o\000c\000u\000m\000e\000n\000t\000a\000t\000i\000o\000n}{section.5.1}% 49
\BOOKMARK [3][-]{subsubsection.5.1.6.1}{\376\377\0005\000.\0001\000.\0006\000.\0001\000\040\000C\000o\000n\000j\000u\000g\000a\000t\000e}{subsection.5.1.6}% 50
\BOOKMARK [3][-]{subsubsection.5.1.6.2}{\376\377\0005\000.\0001\000.\0006\000.\0002\000\040\000I\000m\000a\000g\000i\000n\000a\000r\000y}{subsection.5.1.6}% 51
\BOOKMARK [3][-]{subsubsection.5.1.6.3}{\376\377\0005\000.\0001\000.\0006\000.\0003\000\040\000I\000s\000I\000m\000a\000g\000i\000n\000a\000r\000y}{subsection.5.1.6}% 52
\BOOKMARK [3][-]{subsubsection.5.1.6.4}{\376\377\0005\000.\0001\000.\0006\000.\0004\000\040\000I\000s\000R\000e\000a\000l}{subsection.5.1.6}% 53
\BOOKMARK [3][-]{subsubsection.5.1.6.5}{\376\377\0005\000.\0001\000.\0006\000.\0005\000\040\000N\000o\000r\000m\000a\000l\000i\000z\000e\000d}{subsection.5.1.6}% 54
\BOOKMARK [3][-]{subsubsection.5.1.6.6}{\376\377\0005\000.\0001\000.\0006\000.\0006\000\040\000R}{subsection.5.1.6}% 55
\BOOKMARK [3][-]{subsubsection.5.1.6.7}{\376\377\0005\000.\0001\000.\0006\000.\0007\000\040\000R\000e\000a\000l}{subsection.5.1.6}% 56
\BOOKMARK [3][-]{subsubsection.5.1.6.8}{\376\377\0005\000.\0001\000.\0006\000.\0008\000\040\000T\000h\000e\000t\000a}{subsection.5.1.6}% 57
\BOOKMARK [0][-]{chapter.6}{\376\377\0006\000\040\000F\000i\000l\000e\000\040\000D\000o\000c\000u\000m\000e\000n\000t\000a\000t\000i\000o\000n}{}% 58
\BOOKMARK [1][-]{section.6.1}{\376\377\0006\000.\0001\000\040\000C\000o\000m\000p\000l\000e\000x\000N\000u\000m\000b\000e\000r\000/\000C\000o\000m\000p\000l\000e\000x\000.\000c\000s\000\040\000F\000i\000l\000e\000\040\000R\000e\000f\000e\000r\000e\000n\000c\000e}{chapter.6}% 59
\BOOKMARK [1][-]{section.6.2}{\376\377\0006\000.\0002\000\040\000C\000o\000m\000p\000l\000e\000x\000N\000u\000m\000b\000e\000r\000/\000C\000o\000m\000p\000l\000e\000x\000M\000a\000t\000h\000.\000c\000s\000\040\000F\000i\000l\000e\000\040\000R\000e\000f\000e\000r\000e\000n\000c\000e}{chapter.6}% 60
